\BOOKMARK [0][-]{section*.1}{\376\377\000\315\000n\000d\000i\000c\000e}{}% 1
\BOOKMARK [0][-]{section*.2}{\376\377\000\315\000n\000d\000i\000c\000e\000\040\000d\000e\000\040\000F\000i\000g\000u\000r\000a\000s}{}% 2
\BOOKMARK [0][-]{section*.3}{\376\377\000\315\000n\000d\000i\000c\000e\000\040\000d\000e\000\040\000T\000a\000b\000e\000l\000a\000s}{}% 3
\BOOKMARK [0][-]{chapter.1}{\376\377\000I\000n\000t\000r\000o\000d\000u\000\347\000\343\000o}{}% 4
\BOOKMARK [0][-]{chapter.2}{\376\377\000A\000n\000\341\000l\000i\000s\000e\000\040\000d\000o\000\040\000S\000i\000s\000t\000e\000m\000a}{}% 5
\BOOKMARK [1][-]{section.2.1}{\376\377\000C\000a\000r\000a\000c\000t\000e\000r\000i\000z\000a\000\347\000\343\000o\000\040\000d\000o\000s\000\040\000A\000u\000t\000o\000r\000e\000s}{chapter.2}% 6
\BOOKMARK [2][-]{subsection.2.1.1}{\376\377\000C\000i\000n\000\351\000f\000i\000l\000o}{section.2.1}% 7
\BOOKMARK [2][-]{subsection.2.1.2}{\376\377\000A\000d\000m\000i\000n\000i\000s\000t\000r\000a\000d\000o\000r}{section.2.1}% 8
\BOOKMARK [2][-]{subsection.2.1.3}{\376\377\000P\000e\000r\000s\000o\000n\000a\000s}{section.2.1}% 9
\BOOKMARK [1][-]{section.2.2}{\376\377\000D\000i\000a\000g\000r\000a\000m\000a\000\040\000d\000e\000\040\000c\000a\000s\000o\000s\000\040\000d\000e\000\040\000U\000s\000o}{chapter.2}% 10
\BOOKMARK [2][-]{subsection.2.2.1}{\376\377\000U\000C\0001\000\040\000-\000\040\000P\000e\000s\000q\000u\000i\000s\000a\000r\000\040\000F\000i\000l\000m\000e\000s\000\040}{section.2.2}% 11
\BOOKMARK [2][-]{subsection.2.2.2}{\376\377\000U\000C\0002\000\040\000-\000\040\000C\000o\000m\000e\000n\000t\000a\000r\000\040\000F\000i\000l\000m\000e\000s}{section.2.2}% 12
\BOOKMARK [2][-]{subsection.2.2.3}{\376\377\000U\000C\0003\000\040\000-\000\040\000A\000p\000r\000o\000v\000a\000r\000\040\000A\000v\000a\000l\000i\000a\000\347\000\365\000e\000s}{section.2.2}% 13
\BOOKMARK [2][-]{subsection.2.2.4}{\376\377\000U\000C\0004\000\040\000-\000\040\000A\000d\000i\000c\000i\000o\000n\000a\000r\000\040\000F\000i\000l\000m\000e}{section.2.2}% 14
\BOOKMARK [2][-]{subsection.2.2.5}{\376\377\000U\000C\0005\000\040\000-\000\040\000A\000n\000a\000l\000i\000s\000a\000r\000\040\000D\000a\000d\000o\000s\000\040\000d\000e\000\040\000U\000t\000i\000l\000i\000z\000a\000\347\000\343\000o}{section.2.2}% 15
\BOOKMARK [0][-]{chapter.3}{\376\377\000D\000e\000s\000e\000n\000h\000o\000\040\000d\000o\000\040\000S\000i\000s\000t\000e\000m\000a}{}% 16
\BOOKMARK [1][-]{section.3.1}{\376\377\000M\000o\000d\000e\000l\000a\000\347\000\343\000o\000\040\000d\000a\000\040\000B\000a\000s\000e\000\040\000d\000e\000\040\000D\000a\000d\000o\000s}{chapter.3}% 17
\BOOKMARK [2][-]{subsection.3.1.1}{\376\377\000D\000i\000a\000g\000r\000a\000m\000a\000\040\000d\000e\000\040\000E\000n\000t\000i\000d\000a\000d\000e\000\040\000R\000e\000l\000a\000\347\000\343\000o}{section.3.1}% 18
\BOOKMARK [2][-]{subsection.3.1.2}{\376\377\000M\000o\000d\000e\000l\000o\000\040\000L\000\363\000g\000i\000c\000o\000\040\000R\000e\000l\000a\000c\000i\000o\000n\000a\000l}{section.3.1}% 19
\BOOKMARK [1][-]{section.3.2}{\376\377\000M\000o\000d\000e\000l\000a\000\347\000\343\000o\000\040\000d\000e\000\040\000I\000n\000t\000e\000r\000f\000a\000c\000e\000s\000\040\000G\000r\000\341\000f\000i\000c\000a\000s\000\040\000c\000o\000m\000\040\000o\000\040\000u\000t\000i\000l\000i\000z\000a\000d\000o\000r}{chapter.3}% 20
\BOOKMARK [2][-]{subsection.3.2.1}{\376\377\000S\000t\000o\000r\000y\000B\000o\000a\000r\000d\000s}{section.3.2}% 21
\BOOKMARK [2][-]{subsection.3.2.2}{\376\377\000I\000n\000t\000e\000r\000f\000a\000c\000e\000s\000\040\000d\000o\000\040\000c\000a\000s\000o\000\040\000d\000e\000\040\000u\000s\000o\000\040\000`\000`\0001\000'\000'}{section.3.2}% 22
\BOOKMARK [2][-]{subsection.3.2.3}{\376\377\000I\000n\000t\000e\000r\000f\000a\000c\000e\000s\000\040\000d\000o\000\040\000c\000a\000s\000o\000\040\000d\000e\000\040\000u\000s\000o\000\040\000`\000`\0002\000'\000'}{section.3.2}% 23
\BOOKMARK [2][-]{subsection.3.2.4}{\376\377\000I\000n\000t\000e\000r\000f\000a\000c\000e\000s\000\040\000d\000o\000\040\000c\000a\000s\000o\000\040\000d\000e\000\040\000u\000s\000o\000\040\000`\000`\0003\000'\000'}{section.3.2}% 24
\BOOKMARK [0][-]{chapter.4}{\376\377\000C\000o\000n\000c\000l\000u\000s\000\343\000o\000\040\000e\000\040\000T\000r\000a\000b\000a\000l\000h\000o\000\040\000F\000u\000t\000u\000r\000o}{}% 25
